Error File Open...
Letter = 'T'
Letter = 'h'
Letter = 'i'
Letter = 's'
Letter = ' '
Word = ''
Letter = 'i'
Letter = 's'
Letter = ' '
Word = 'This'
Letter = 'a'
Letter = 'n'
Letter = ' '
Word = 'is'
Letter = 't'
Letter = 'e'
Letter = 'l'
Letter = 'e'
Letter = 'g'
Letter = 'r'
Letter = 'a'
Letter = 'm'
Letter = ' '
Word = 'an'
Letter = 'S'
Letter = 'T'
Letter = 'O'
Letter = 'P'
Letter = ' '
Letter = 'Z'
Letter = 'Z'
Letter = 'Z'
Letter = 'Z'
Letter = ' '
Word = 'telegram.'
Letter = ' '
Letter = ' '
Letter = 'N'
Letter = 'o'
Letter = 'w'
Letter = ' '
Word = 'ZZZZ'
Letter = 'w'
Letter = 'h'
Letter = 'a'
Letter = 't'
Letter = ' '
Word = 'Now'
Letter = 'i'
Letter = 's'
Letter = ' '
Word = 'what'
Letter = 't'
Letter = 'h'
Letter = 'i'
Letter = 's'
Letter = ' '
Word = 'is'
Letter = 'I'
Letter = ' '
Word = 'this'
Letter = 's'
Letter = 'a'
Letter = 'y'
Letter = ' '
Word = 'I'
Letter = 'w'
Letter = 'o'
Letter = 'w'
Letter = ' '
Word = 'say'
Letter = 'S'
Letter = 'T'
Letter = 'O'
Letter = 'P'
Letter = ' '
Letter = 'Z'
Letter = 'Z'
Letter = 'Z'
Letter = 'Z'
Letter = ' '
Word = 'wow.'
Letter = ' '
Letter = ' '
Letter = 'N'
Letter = 'o'
Letter = 'w'
Letter = ' '
Word = 'ZZZZ'
Letter = 'i'
Letter = 's'
Letter = ' '
Word = 'Now'
Letter = 't'
Letter = 'h'
Letter = 'e'
Letter = ' '
Word = 'is'
Letter = 't'
Letter = 'i'
Letter = 'm'
Letter = 'e'
Letter = ' '
Word = 'the'
Letter = 'f'
Letter = 'o'
Letter = 'r'
Letter = ' '
Word = 'time'
Letter = 'a'
Letter = 'l'
Letter = 'l'
Letter = ' '
Word = 'for'
Letter = 'g'
Letter = 'o'
Letter = 'o'
Letter = 'd'
Letter = ' '
Word = 'all'
Letter = 'm'
Letter = 'e'
Letter = 'n'
Letter = ' '
Word = 'good'
Letter = 't'
Letter = 'o'
Letter = ' '
Word = 'men'
Letter = 'c'
Letter = 'o'
Letter = 'm'
Letter = 'e'
Letter = ' '
Word = 'to'
Letter = 't'
Letter = 'o'
Letter = ' '
Word = 'come'
Letter = 't'
Letter = 'h'
Letter = 'e'
Letter = ' '
Word = 'to'
Letter = 'a'
Letter = 'i'
Letter = 'd'
Letter = ' '
Word = 'the'
Letter = 'o'
Letter = 'f'
Letter = ' '
Word = 'aid'
Letter = 't'
Letter = 'h'
Letter = 'e'
Letter = 'i'
Letter = 'r'
Letter = ' '
Word = 'of'
Letter = 'c'
Letter = 'o'
Letter = 'u'
Letter = 'n'
Letter = 't'
Letter = 'r'
Letter = 'y'
Letter = ' '
Word = 'their'
Letter = 'S'
Letter = 'T'
Letter = 'O'
Letter = 'P'
Letter = ' '
Letter = 'A'
Letter = 'm'
Letter = 'e'
Letter = 'r'
Letter = 'i'
Letter = 'c'
Letter = 'a'
Letter = 'n'
Letter = 'a'
Letter = 'n'
Letter = 't'
Letter = 'i'
Letter = 'e'
Letter = 's'
Letter = 't'
Letter = 'a'
Letter = 'b'
Letter = 'l'
Letter = 'i'
Letter = 's'
Letter = 'h'
Letter = 'm'
Letter = 'e'
Letter = 'n'
Letter = 't'
Letter = 'i'
Letter = 's'
Letter = 'm'
Letter = ' '
Word = 'country.'
Letter = 'i'
Letter = 's'
Letter = ' '
Word = 'Americanantiestablishmentism'
Letter = 'C'
Letter = 'o'
Letter = 'o'
Letter = 'l'
Letter = ' '
Word = 'is'
Letter = 'S'
Letter = 'T'
Letter = 'O'
Letter = 'P'
Letter = ' '
Letter = 'Z'
Letter = 'Z'
Letter = 'Z'
Letter = 'Z'
Letter = ' '
Word = 'Cool.'
Letter = ' '
Letter = ' '
Letter = 'A'
Letter = ' '
Word = 'ZZZZ'
Letter = 'S'
Letter = 'T'
Letter = 'O'
Letter = 'P'
Letter = ' '
Letter = 'N'
Letter = 'o'
Letter = 't'
Letter = ' '
Word = 'A.'
Letter = 'S'
Letter = 'T'
Letter = 'O'
Letter = 'P'
Letter = ' '
Letter = 'S'
Letter = 'T'
Letter = 'O'
Letter = 'P'
Letter = ' '
Letter = ' '
Letter = ' '
Letter = ' '
Letter = 'Z'
Letter = 'Z'
Letter = 'Z'
Letter = 'Z'
Letter = ' '
Word = 'Not..'
Letter = 'S'
Letter = 'T'
Letter = 'O'
Letter = 'P'
Letter = ' '
Letter = 'Z'
Letter = 'Z'
Letter = 'Z'
Letter = 'Z'
Letter = ' '
Word = 'ZZZZ.'
EOF!!
